<?xml version="1.0" encoding="UTF-8"?>
<!-- Generated by org.testng.reporters.JUnitReportReporter -->
<testsuite hostname="DESKTOP-QQ8RL6I" failures="0" tests="1" name="ikame.chatai.testsuite.TS_01_Chat_AI_Main_Screen" time="32.248" errors="0" timestamp="31 May 2024 11:20:11 GMT">
  <testcase classname="ikame.chatai.testsuite.TS_01_Chat_AI_Main_Screen" name="TC_001_Check_AllLink_Main_Screen" time="32.248"/>
</testsuite> <!-- ikame.chatai.testsuite.TS_01_Chat_AI_Main_Screen -->
