<?xml version="1.0" encoding="UTF-8"?>
<!-- Generated by org.testng.reporters.JUnitReportReporter -->
<testsuite hostname="DESKTOP-QQ8RL6I" failures="0" tests="1" name="ikame.chatai.testsuite.TS_02_Chat_AI_Setting" time="34.951" errors="0" timestamp="29 May 2024 01:39:23 GMT">
  <testcase classname="ikame.chatai.testsuite.TS_02_Chat_AI_Setting" name="TC_012_Check_AllLink_Setting_Unlock_Premium" time="34.951"/>
</testsuite> <!-- ikame.chatai.testsuite.TS_02_Chat_AI_Setting -->
